Error: CCI compilation error -e:\aiteco\lessons\lesson_01\task_03\tests\uc01_workwithmethods\\pre_cci.c: Action.c:21: warning: missing return value.	[MsgId: MERR-19799]
Error: CCI compilation error -e:\aiteco\lessons\lesson_01\task_03\tests\uc01_workwithmethods\\pre_cci.c: Action.c:25: warning: missing return value.	[MsgId: MERR-19799]
Error: CCI compilation error -e:\aiteco\lessons\lesson_01\task_03\tests\uc01_workwithmethods\\pre_cci.c: Action.c:29: warning: missing return value.	[MsgId: MERR-19799]
Error: CCI compilation error -e:\aiteco\lessons\lesson_01\task_03\tests\uc01_workwithmethods\\pre_cci.c: Action.c:36: error: undeclared identifier `lr_'.	[MsgId: MERR-19799]
Error: CCI compilation error -e:\aiteco\lessons\lesson_01\task_03\tests\uc01_workwithmethods\\pre_cci.c: Action.c:37: warning: expression with no effect elided.	[MsgId: MERR-19799]
Error: CCI compilation error -e:\aiteco\lessons\lesson_01\task_03\tests\uc01_workwithmethods\\pre_cci.c: Action.c:37: error: syntax error; found `}' expecting `;'.	[MsgId: MERR-19799]
Error: CCI compilation error -e:\aiteco\lessons\lesson_01\task_03\tests\uc01_workwithmethods\\pre_cci.c: Action.c:37: warning: missing return value.	[MsgId: MERR-19799]
Error: CCI compilation error -e:\aiteco\lessons\lesson_01\task_03\tests\uc01_workwithmethods\\pre_cci.c: e:\\aiteco\\lessons\\lesson_01\\task_03\\tests\\uc01_workwithmethods\\\\combined_UC01_WorkWithMethods.c:11: error: 2 errors, not writing pre_cci.ci.	[MsgId: MERR-19799]
Error: Vuser compilation failed. Please set CCIDebug to Off in CCI section of mdrv.dat file.	[MsgId: MERR-19797]
Warning: Extension cciext.dll reports error -19797 on call to function ExtPerProcessInitialize	[MsgId: MWAR-10485]
Error: Thread Context: Call to service of the driver failed, reason - thread context wasn't initialized on this thread.	[MsgId: MERR-10176]
